{
  "0 debug pnpm:scope": {
    "selected": 1
  },
  "1 debug pnpm:package-manifest": {
    "initial": {},
    "prefix": "/home/adrielus/Projects/nixos-config"
  },
  "2 debug pnpm:context": {
    "currentLockfileExists": false,
    "storeDir": "/home/adrielus/.pnpm-store/v3",
    "virtualStoreDir": "/home/adrielus/Projects/nixos-config/node_modules/.pnpm"
  },
  "3 debug pnpm:stage": {
    "prefix": "/home/adrielus/Projects/nixos-config",
    "stage": "resolution_started"
  },
  "4 debug pnpm:update-check": {
    "currentVersion": "6.22.2",
    "latestVersion": "6.29.1"
  },
  "5 error pnpm": {
    "code": "ERR_PNPM_FETCH_404",
    "hint": "prettierd is not in the npm registry, or you have no permission to fetch it.\n\nAn authorization header was used: Bearer 265b[hidden]",
    "request": {
      "authHeaderValue": "Bearer 265ba49b-cc14-402e-8c57-e070a7bc1997",
      "url": "https://registry.npmjs.org/prettierd"
    },
    "response": {
      "size": 0
    },
    "pkgName": "prettierd",
    "pkgsStack": [],
    "err": {
      "name": "pnpm",
      "message": "GET https://registry.npmjs.org/prettierd: Not Found - 404",
      "code": "ERR_PNPM_FETCH_404",
      "stack": "pnpm: GET https://registry.npmjs.org/prettierd: Not Found - 404\n    at RetryOperation._fn (/nix/store/kh5rqvj2l82gznih1b5isc43mk2dnh6j-pnpm-6.22.2/lib/node_modules/pnpm/dist/pnpm.cjs:84952:18)\n    at processTicksAndRejections (internal/process/task_queues.js:95:5)"
    }
  }
}